<?xml version="1.0" encoding="UTF-8"?>
<!-- Generated by org.testng.reporters.JUnitReportReporter -->
<testsuite hostname="Teena" failures="0" tests="1" name="dockerProject.SeleniumGridFirefoxTest" time="6.089" errors="0" timestamp="2024-07-28T16:20:59 CDT" skipped="0">
  <testcase classname="dockerProject.SeleniumGridFirefoxTest" name="test" time="6.089"/>
</testsuite> <!-- dockerProject.SeleniumGridFirefoxTest -->
