<?xml version="1.0" encoding="UTF-8"?>
<!-- Generated by org.testng.reporters.JUnitReportReporter -->
<testsuite hostname="Teena" failures="0" tests="1" name="dockerProject.SeleniumGridChromeTest" time="3.586" errors="0" timestamp="2024-07-28T16:20:59 CDT" skipped="0">
  <testcase classname="dockerProject.SeleniumGridChromeTest" name="test" time="3.586"/>
</testsuite> <!-- dockerProject.SeleniumGridChromeTest -->
