<?xml version="1.0" encoding="UTF-8"?>
<!-- Generated by org.testng.reporters.JUnitReportReporter -->
<testsuite hostname="Teena" failures="0" tests="2" name="dockerProject.Setup_dockerGrid" time="20.119" errors="0" timestamp="2024-07-28T16:12:45 CDT" skipped="0">
  <testcase classname="dockerProject.Setup_dockerGrid" name="startDockerGrid" time="15.044"/>
  <testcase classname="dockerProject.Setup_dockerGrid" name="stopDockerGrid" time="5.075"/>
</testsuite> <!-- dockerProject.Setup_dockerGrid -->
