<?xml version="1.0" encoding="UTF-8"?>
<!-- Generated by org.testng.reporters.JUnitReportReporter -->
<testsuite hostname="Teena" failures="0" tests="1" name="dockerProject.SeleniumGridFirefoxTest" time="6.352" errors="0" timestamp="28 Jul 2024 21:37:37 GMT" skipped="0">
  <testcase classname="dockerProject.SeleniumGridFirefoxTest" name="test" time="6.352"/>
</testsuite> <!-- dockerProject.SeleniumGridFirefoxTest -->
